  [1m[36m (2.2ms)[0m  [1mCREATE TABLE "schema_migrations" ("version" varchar NOT NULL) [0m
  [1m[35m (0.5ms)[0m  select sqlite_version(*)
  [1m[36m (2.5ms)[0m  [1mCREATE UNIQUE INDEX "unique_schema_migrations" ON "schema_migrations" ("version")[0m
  [1m[35mActiveRecord::SchemaMigration Load (0.1ms)[0m  SELECT "schema_migrations".* FROM "schema_migrations"
Migrating to DeviseCreateUsers (20161109025336)
  [1m[36m (0.1ms)[0m  [1mbegin transaction[0m
  [1m[35m (0.5ms)[0m  CREATE TABLE "users" ("id" INTEGER PRIMARY KEY AUTOINCREMENT NOT NULL, "email" varchar DEFAULT '' NOT NULL, "encrypted_password" varchar DEFAULT '' NOT NULL, "reset_password_token" varchar, "reset_password_sent_at" datetime, "remember_created_at" datetime, "sign_in_count" integer DEFAULT 0 NOT NULL, "current_sign_in_at" datetime, "last_sign_in_at" datetime, "current_sign_in_ip" varchar, "last_sign_in_ip" varchar, "created_at" datetime NOT NULL, "updated_at" datetime NOT NULL) 
  [1m[36m (0.5ms)[0m  [1mCREATE UNIQUE INDEX "index_users_on_email" ON "users" ("email")[0m
  [1m[35m (0.1ms)[0m              SELECT sql
            FROM sqlite_master
            WHERE name='index_users_on_email' AND type='index'
            UNION ALL
            SELECT sql
            FROM sqlite_temp_master
            WHERE name='index_users_on_email' AND type='index'

  [1m[36m (0.2ms)[0m  [1mCREATE UNIQUE INDEX "index_users_on_reset_password_token" ON "users" ("reset_password_token")[0m
  [1m[35mSQL (0.8ms)[0m  INSERT INTO "schema_migrations" ("version") VALUES (?)  [["version", "20161109025336"]]
  [1m[36m (2.9ms)[0m  [1mcommit transaction[0m
  [1m[35mActiveRecord::SchemaMigration Load (0.2ms)[0m  SELECT "schema_migrations".* FROM "schema_migrations"
  [1m[36m (0.1ms)[0m  [1m            SELECT sql
            FROM sqlite_master
            WHERE name='index_users_on_reset_password_token' AND type='index'
            UNION ALL
            SELECT sql
            FROM sqlite_temp_master
            WHERE name='index_users_on_reset_password_token' AND type='index'
[0m
  [1m[35m (0.1ms)[0m              SELECT sql
            FROM sqlite_master
            WHERE name='index_users_on_email' AND type='index'
            UNION ALL
            SELECT sql
            FROM sqlite_temp_master
            WHERE name='index_users_on_email' AND type='index'



Started GET "/users/sign_up" for ::1 at 2016-11-08 18:54:01 -0800
  [1m[36mActiveRecord::SchemaMigration Load (0.2ms)[0m  [1mSELECT "schema_migrations".* FROM "schema_migrations"[0m
Processing by Devise::RegistrationsController#new as HTML
  Rendered /Users/jpat/.rvm/gems/ruby-2.2.0@rails_decal/gems/devise-3.5.2/app/views/devise/shared/_links.html.erb (2.0ms)
  Rendered /Users/jpat/.rvm/gems/ruby-2.2.0@rails_decal/gems/devise-3.5.2/app/views/devise/registrations/new.html.erb within layouts/application (146.0ms)
Completed 200 OK in 1120ms (Views: 1093.3ms | ActiveRecord: 0.4ms)


Started GET "/assets/application.self-e80e8f2318043e8af94dddc2adad5a4f09739a8ebb323b3ab31cd71d45fd9113.css?body=1" for ::1 at 2016-11-08 18:54:03 -0800


Started GET "/assets/jquery.self-bd7ddd393353a8d2480a622e80342adf488fb6006d667e8b42e4c0073393abee.js?body=1" for ::1 at 2016-11-08 18:54:03 -0800


Started GET "/assets/jquery_ujs.self-784a997f6726036b1993eb2217c9cb558e1cbb801c6da88105588c56f13b466a.js?body=1" for ::1 at 2016-11-08 18:54:03 -0800


Started GET "/assets/turbolinks.self-c5acd7a204f5f25ce7a1d8a0e4d92e28d34c9e2df2c7371cd7af88e147e4ad82.js?body=1" for ::1 at 2016-11-08 18:54:03 -0800


Started GET "/assets/application.self-3b8dabdc891efe46b9a144b400ad69e37d7e5876bdc39dee783419a69d7ca819.js?body=1" for ::1 at 2016-11-08 18:54:03 -0800


Started POST "/users" for ::1 at 2016-11-08 18:54:11 -0800
Processing by Devise::RegistrationsController#create as HTML
  Parameters: {"utf8"=>"✓", "authenticity_token"=>"w6ekE/b9Y5K5hAIGtrsbn5w8lbQe5lW1WL639M+a5KJzAv/zGhyGMgtWIROYJZdz4w0oOmV3+0r0YpodLWOtJg==", "user"=>{"email"=>"test@test.com", "password"=>"[FILTERED]", "password_confirmation"=>"[FILTERED]"}, "commit"=>"Sign up"}
  [1m[35m (0.1ms)[0m  begin transaction
  [1m[36mUser Exists (0.6ms)[0m  [1mSELECT  1 AS one FROM "users" WHERE "users"."email" = 'test@test.com' LIMIT 1[0m
  [1m[35m (0.1ms)[0m  rollback transaction
  Rendered /Users/jpat/.rvm/gems/ruby-2.2.0@rails_decal/gems/devise-3.5.2/app/views/devise/shared/_links.html.erb (0.5ms)
  Rendered /Users/jpat/.rvm/gems/ruby-2.2.0@rails_decal/gems/devise-3.5.2/app/views/devise/registrations/new.html.erb within layouts/application (10.2ms)
Completed 200 OK in 270ms (Views: 50.3ms | ActiveRecord: 0.8ms)


Started POST "/users" for ::1 at 2016-11-08 18:54:19 -0800
Processing by Devise::RegistrationsController#create as HTML
  Parameters: {"utf8"=>"✓", "authenticity_token"=>"pk6eZ6ArF2Z7CpsI2/84GV5MSV860E2Gb99RB3y23O0W68WHTMryxsnYuB31YbT1IX300UFB43nDA3zunk+VaQ==", "user"=>{"email"=>"test@test.com", "password"=>"[FILTERED]", "password_confirmation"=>"[FILTERED]"}, "commit"=>"Sign up"}
  [1m[36m (0.1ms)[0m  [1mbegin transaction[0m
  [1m[35mUser Exists (0.1ms)[0m  SELECT  1 AS one FROM "users" WHERE "users"."email" = 'test@test.com' LIMIT 1
  [1m[36mSQL (8.2ms)[0m  [1mINSERT INTO "users" ("email", "encrypted_password", "created_at", "updated_at") VALUES (?, ?, ?, ?)[0m  [["email", "test@test.com"], ["encrypted_password", "$2a$10$iN1UznqgRIMfcVTcuXzfAOuow18b8YA.O3Iag6k1qO1gUlOzDb02y"], ["created_at", "2016-11-09 02:54:19.867628"], ["updated_at", "2016-11-09 02:54:19.867628"]]
  [1m[35m (8.5ms)[0m  commit transaction
  [1m[36m (0.1ms)[0m  [1mbegin transaction[0m
  [1m[35mSQL (0.5ms)[0m  UPDATE "users" SET "last_sign_in_at" = ?, "current_sign_in_at" = ?, "last_sign_in_ip" = ?, "current_sign_in_ip" = ?, "sign_in_count" = ?, "updated_at" = ? WHERE "users"."id" = ?  [["last_sign_in_at", "2016-11-09 02:54:19.888549"], ["current_sign_in_at", "2016-11-09 02:54:19.888549"], ["last_sign_in_ip", "::1"], ["current_sign_in_ip", "::1"], ["sign_in_count", 1], ["updated_at", "2016-11-09 02:54:19.890928"], ["id", 1]]
  [1m[36m (2.3ms)[0m  [1mcommit transaction[0m
Redirected to http://localhost:3000/
Completed 302 Found in 168ms (ActiveRecord: 20.0ms)


Started GET "/" for ::1 at 2016-11-08 18:54:19 -0800
Processing by Rails::WelcomeController#index as HTML
  Rendered /Users/jpat/.rvm/gems/ruby-2.2.0@rails_decal/gems/railties-4.2.6/lib/rails/templates/rails/welcome/index.html.erb (2.1ms)
Completed 200 OK in 25ms (Views: 23.7ms | ActiveRecord: 0.0ms)


Started GET "/" for ::1 at 2016-11-08 18:54:26 -0800
Processing by Rails::WelcomeController#index as HTML
  Rendered /Users/jpat/.rvm/gems/ruby-2.2.0@rails_decal/gems/railties-4.2.6/lib/rails/templates/rails/welcome/index.html.erb (0.0ms)
Completed 200 OK in 3ms (Views: 2.0ms | ActiveRecord: 0.0ms)


Started GET "/login" for ::1 at 2016-11-08 18:54:31 -0800

ActionController::RoutingError (No route matches [GET] "/login"):
  actionpack (4.2.6) lib/action_dispatch/middleware/debug_exceptions.rb:21:in `call'
  web-console (2.3.0) lib/web_console/middleware.rb:28:in `block in call'
  web-console (2.3.0) lib/web_console/middleware.rb:18:in `catch'
  web-console (2.3.0) lib/web_console/middleware.rb:18:in `call'
  actionpack (4.2.6) lib/action_dispatch/middleware/show_exceptions.rb:30:in `call'
  railties (4.2.6) lib/rails/rack/logger.rb:38:in `call_app'
  railties (4.2.6) lib/rails/rack/logger.rb:20:in `block in call'
  activesupport (4.2.6) lib/active_support/tagged_logging.rb:68:in `block in tagged'
  activesupport (4.2.6) lib/active_support/tagged_logging.rb:26:in `tagged'
  activesupport (4.2.6) lib/active_support/tagged_logging.rb:68:in `tagged'
  railties (4.2.6) lib/rails/rack/logger.rb:20:in `call'
  actionpack (4.2.6) lib/action_dispatch/middleware/request_id.rb:21:in `call'
  rack (1.6.4) lib/rack/methodoverride.rb:22:in `call'
  rack (1.6.4) lib/rack/runtime.rb:18:in `call'
  activesupport (4.2.6) lib/active_support/cache/strategy/local_cache_middleware.rb:28:in `call'
  rack (1.6.4) lib/rack/lock.rb:17:in `call'
  actionpack (4.2.6) lib/action_dispatch/middleware/static.rb:120:in `call'
  rack (1.6.4) lib/rack/sendfile.rb:113:in `call'
  railties (4.2.6) lib/rails/engine.rb:518:in `call'
  railties (4.2.6) lib/rails/application.rb:165:in `call'
  rack (1.6.4) lib/rack/lock.rb:17:in `call'
  rack (1.6.4) lib/rack/content_length.rb:15:in `call'
  rack (1.6.4) lib/rack/handler/webrick.rb:88:in `service'
  /Users/jpat/.rvm/rubies/ruby-2.2.0/lib/ruby/2.2.0/webrick/httpserver.rb:138:in `service'
  /Users/jpat/.rvm/rubies/ruby-2.2.0/lib/ruby/2.2.0/webrick/httpserver.rb:94:in `run'
  /Users/jpat/.rvm/rubies/ruby-2.2.0/lib/ruby/2.2.0/webrick/server.rb:294:in `block in start_thread'


  Rendered /Users/jpat/.rvm/gems/ruby-2.2.0@rails_decal/gems/actionpack-4.2.6/lib/action_dispatch/middleware/templates/rescues/_trace.html.erb (4.8ms)
  Rendered /Users/jpat/.rvm/gems/ruby-2.2.0@rails_decal/gems/actionpack-4.2.6/lib/action_dispatch/middleware/templates/routes/_route.html.erb (2.7ms)
  Rendered /Users/jpat/.rvm/gems/ruby-2.2.0@rails_decal/gems/actionpack-4.2.6/lib/action_dispatch/middleware/templates/routes/_table.html.erb (7.9ms)
  Rendered /Users/jpat/.rvm/gems/ruby-2.2.0@rails_decal/gems/actionpack-4.2.6/lib/action_dispatch/middleware/templates/rescues/_request_and_response.html.erb (2.5ms)
  Rendered /Users/jpat/.rvm/gems/ruby-2.2.0@rails_decal/gems/actionpack-4.2.6/lib/action_dispatch/middleware/templates/rescues/routing_error.html.erb within rescues/layout (148.3ms)
  Rendered /Users/jpat/.rvm/gems/ruby-2.2.0@rails_decal/gems/web-console-2.3.0/lib/web_console/templates/_markup.html.erb (0.9ms)
  Rendered /Users/jpat/.rvm/gems/ruby-2.2.0@rails_decal/gems/web-console-2.3.0/lib/web_console/templates/_inner_console_markup.html.erb within layouts/inlined_string (0.6ms)
  Rendered /Users/jpat/.rvm/gems/ruby-2.2.0@rails_decal/gems/web-console-2.3.0/lib/web_console/templates/_prompt_box_markup.html.erb within layouts/inlined_string (0.3ms)
  Rendered /Users/jpat/.rvm/gems/ruby-2.2.0@rails_decal/gems/web-console-2.3.0/lib/web_console/templates/style.css.erb within layouts/inlined_string (0.5ms)
  Rendered /Users/jpat/.rvm/gems/ruby-2.2.0@rails_decal/gems/web-console-2.3.0/lib/web_console/templates/console.js.erb within layouts/javascript (80.1ms)
  Rendered /Users/jpat/.rvm/gems/ruby-2.2.0@rails_decal/gems/web-console-2.3.0/lib/web_console/templates/main.js.erb within layouts/javascript (0.5ms)
  Rendered /Users/jpat/.rvm/gems/ruby-2.2.0@rails_decal/gems/web-console-2.3.0/lib/web_console/templates/error_page.js.erb within layouts/javascript (0.8ms)
  Rendered /Users/jpat/.rvm/gems/ruby-2.2.0@rails_decal/gems/web-console-2.3.0/lib/web_console/templates/index.html.erb (187.6ms)


Started GET "/users/login" for ::1 at 2016-11-08 18:54:46 -0800

ActionController::RoutingError (No route matches [GET] "/users/login"):
  actionpack (4.2.6) lib/action_dispatch/middleware/debug_exceptions.rb:21:in `call'
  web-console (2.3.0) lib/web_console/middleware.rb:28:in `block in call'
  web-console (2.3.0) lib/web_console/middleware.rb:18:in `catch'
  web-console (2.3.0) lib/web_console/middleware.rb:18:in `call'
  actionpack (4.2.6) lib/action_dispatch/middleware/show_exceptions.rb:30:in `call'
  railties (4.2.6) lib/rails/rack/logger.rb:38:in `call_app'
  railties (4.2.6) lib/rails/rack/logger.rb:20:in `block in call'
  activesupport (4.2.6) lib/active_support/tagged_logging.rb:68:in `block in tagged'
  activesupport (4.2.6) lib/active_support/tagged_logging.rb:26:in `tagged'
  activesupport (4.2.6) lib/active_support/tagged_logging.rb:68:in `tagged'
  railties (4.2.6) lib/rails/rack/logger.rb:20:in `call'
  actionpack (4.2.6) lib/action_dispatch/middleware/request_id.rb:21:in `call'
  rack (1.6.4) lib/rack/methodoverride.rb:22:in `call'
  rack (1.6.4) lib/rack/runtime.rb:18:in `call'
  activesupport (4.2.6) lib/active_support/cache/strategy/local_cache_middleware.rb:28:in `call'
  rack (1.6.4) lib/rack/lock.rb:17:in `call'
  actionpack (4.2.6) lib/action_dispatch/middleware/static.rb:120:in `call'
  rack (1.6.4) lib/rack/sendfile.rb:113:in `call'
  railties (4.2.6) lib/rails/engine.rb:518:in `call'
  railties (4.2.6) lib/rails/application.rb:165:in `call'
  rack (1.6.4) lib/rack/lock.rb:17:in `call'
  rack (1.6.4) lib/rack/content_length.rb:15:in `call'
  rack (1.6.4) lib/rack/handler/webrick.rb:88:in `service'
  /Users/jpat/.rvm/rubies/ruby-2.2.0/lib/ruby/2.2.0/webrick/httpserver.rb:138:in `service'
  /Users/jpat/.rvm/rubies/ruby-2.2.0/lib/ruby/2.2.0/webrick/httpserver.rb:94:in `run'
  /Users/jpat/.rvm/rubies/ruby-2.2.0/lib/ruby/2.2.0/webrick/server.rb:294:in `block in start_thread'


  Rendered /Users/jpat/.rvm/gems/ruby-2.2.0@rails_decal/gems/actionpack-4.2.6/lib/action_dispatch/middleware/templates/rescues/_trace.html.erb (2.0ms)
  Rendered /Users/jpat/.rvm/gems/ruby-2.2.0@rails_decal/gems/actionpack-4.2.6/lib/action_dispatch/middleware/templates/routes/_route.html.erb (2.2ms)
  Rendered /Users/jpat/.rvm/gems/ruby-2.2.0@rails_decal/gems/actionpack-4.2.6/lib/action_dispatch/middleware/templates/routes/_table.html.erb (2.0ms)
  Rendered /Users/jpat/.rvm/gems/ruby-2.2.0@rails_decal/gems/actionpack-4.2.6/lib/action_dispatch/middleware/templates/rescues/_request_and_response.html.erb (1.6ms)
  Rendered /Users/jpat/.rvm/gems/ruby-2.2.0@rails_decal/gems/actionpack-4.2.6/lib/action_dispatch/middleware/templates/rescues/routing_error.html.erb within rescues/layout (100.4ms)
  Rendered /Users/jpat/.rvm/gems/ruby-2.2.0@rails_decal/gems/web-console-2.3.0/lib/web_console/templates/_markup.html.erb (0.5ms)
  Rendered /Users/jpat/.rvm/gems/ruby-2.2.0@rails_decal/gems/web-console-2.3.0/lib/web_console/templates/_inner_console_markup.html.erb within layouts/inlined_string (0.4ms)
  Rendered /Users/jpat/.rvm/gems/ruby-2.2.0@rails_decal/gems/web-console-2.3.0/lib/web_console/templates/_prompt_box_markup.html.erb within layouts/inlined_string (0.3ms)
  Rendered /Users/jpat/.rvm/gems/ruby-2.2.0@rails_decal/gems/web-console-2.3.0/lib/web_console/templates/style.css.erb within layouts/inlined_string (0.4ms)
  Rendered /Users/jpat/.rvm/gems/ruby-2.2.0@rails_decal/gems/web-console-2.3.0/lib/web_console/templates/console.js.erb within layouts/javascript (59.2ms)
  Rendered /Users/jpat/.rvm/gems/ruby-2.2.0@rails_decal/gems/web-console-2.3.0/lib/web_console/templates/main.js.erb within layouts/javascript (0.3ms)
  Rendered /Users/jpat/.rvm/gems/ruby-2.2.0@rails_decal/gems/web-console-2.3.0/lib/web_console/templates/error_page.js.erb within layouts/javascript (0.6ms)
  Rendered /Users/jpat/.rvm/gems/ruby-2.2.0@rails_decal/gems/web-console-2.3.0/lib/web_console/templates/index.html.erb (133.1ms)


Started GET "/users" for ::1 at 2016-11-08 18:54:50 -0800

ActionController::RoutingError (No route matches [GET] "/users"):
  actionpack (4.2.6) lib/action_dispatch/middleware/debug_exceptions.rb:21:in `call'
  web-console (2.3.0) lib/web_console/middleware.rb:28:in `block in call'
  web-console (2.3.0) lib/web_console/middleware.rb:18:in `catch'
  web-console (2.3.0) lib/web_console/middleware.rb:18:in `call'
  actionpack (4.2.6) lib/action_dispatch/middleware/show_exceptions.rb:30:in `call'
  railties (4.2.6) lib/rails/rack/logger.rb:38:in `call_app'
  railties (4.2.6) lib/rails/rack/logger.rb:20:in `block in call'
  activesupport (4.2.6) lib/active_support/tagged_logging.rb:68:in `block in tagged'
  activesupport (4.2.6) lib/active_support/tagged_logging.rb:26:in `tagged'
  activesupport (4.2.6) lib/active_support/tagged_logging.rb:68:in `tagged'
  railties (4.2.6) lib/rails/rack/logger.rb:20:in `call'
  actionpack (4.2.6) lib/action_dispatch/middleware/request_id.rb:21:in `call'
  rack (1.6.4) lib/rack/methodoverride.rb:22:in `call'
  rack (1.6.4) lib/rack/runtime.rb:18:in `call'
  activesupport (4.2.6) lib/active_support/cache/strategy/local_cache_middleware.rb:28:in `call'
  rack (1.6.4) lib/rack/lock.rb:17:in `call'
  actionpack (4.2.6) lib/action_dispatch/middleware/static.rb:120:in `call'
  rack (1.6.4) lib/rack/sendfile.rb:113:in `call'
  railties (4.2.6) lib/rails/engine.rb:518:in `call'
  railties (4.2.6) lib/rails/application.rb:165:in `call'
  rack (1.6.4) lib/rack/lock.rb:17:in `call'
  rack (1.6.4) lib/rack/content_length.rb:15:in `call'
  rack (1.6.4) lib/rack/handler/webrick.rb:88:in `service'
  /Users/jpat/.rvm/rubies/ruby-2.2.0/lib/ruby/2.2.0/webrick/httpserver.rb:138:in `service'
  /Users/jpat/.rvm/rubies/ruby-2.2.0/lib/ruby/2.2.0/webrick/httpserver.rb:94:in `run'
  /Users/jpat/.rvm/rubies/ruby-2.2.0/lib/ruby/2.2.0/webrick/server.rb:294:in `block in start_thread'


  Rendered /Users/jpat/.rvm/gems/ruby-2.2.0@rails_decal/gems/actionpack-4.2.6/lib/action_dispatch/middleware/templates/rescues/_trace.html.erb (1.9ms)
  Rendered /Users/jpat/.rvm/gems/ruby-2.2.0@rails_decal/gems/actionpack-4.2.6/lib/action_dispatch/middleware/templates/routes/_route.html.erb (1.8ms)
  Rendered /Users/jpat/.rvm/gems/ruby-2.2.0@rails_decal/gems/actionpack-4.2.6/lib/action_dispatch/middleware/templates/routes/_table.html.erb (2.2ms)
  Rendered /Users/jpat/.rvm/gems/ruby-2.2.0@rails_decal/gems/actionpack-4.2.6/lib/action_dispatch/middleware/templates/rescues/_request_and_response.html.erb (1.5ms)
  Rendered /Users/jpat/.rvm/gems/ruby-2.2.0@rails_decal/gems/actionpack-4.2.6/lib/action_dispatch/middleware/templates/rescues/routing_error.html.erb within rescues/layout (85.3ms)
  Rendered /Users/jpat/.rvm/gems/ruby-2.2.0@rails_decal/gems/web-console-2.3.0/lib/web_console/templates/_markup.html.erb (1.0ms)
  Rendered /Users/jpat/.rvm/gems/ruby-2.2.0@rails_decal/gems/web-console-2.3.0/lib/web_console/templates/_inner_console_markup.html.erb within layouts/inlined_string (0.4ms)
  Rendered /Users/jpat/.rvm/gems/ruby-2.2.0@rails_decal/gems/web-console-2.3.0/lib/web_console/templates/_prompt_box_markup.html.erb within layouts/inlined_string (0.6ms)
  Rendered /Users/jpat/.rvm/gems/ruby-2.2.0@rails_decal/gems/web-console-2.3.0/lib/web_console/templates/style.css.erb within layouts/inlined_string (0.7ms)
  Rendered /Users/jpat/.rvm/gems/ruby-2.2.0@rails_decal/gems/web-console-2.3.0/lib/web_console/templates/console.js.erb within layouts/javascript (58.0ms)
  Rendered /Users/jpat/.rvm/gems/ruby-2.2.0@rails_decal/gems/web-console-2.3.0/lib/web_console/templates/main.js.erb within layouts/javascript (1.0ms)
  Rendered /Users/jpat/.rvm/gems/ruby-2.2.0@rails_decal/gems/web-console-2.3.0/lib/web_console/templates/error_page.js.erb within layouts/javascript (1.0ms)
  Rendered /Users/jpat/.rvm/gems/ruby-2.2.0@rails_decal/gems/web-console-2.3.0/lib/web_console/templates/index.html.erb (128.5ms)


Started GET "/users/sign_in" for ::1 at 2016-11-08 18:55:29 -0800
Processing by Devise::SessionsController#new as HTML
  [1m[35mUser Load (0.4ms)[0m  SELECT  "users".* FROM "users" WHERE "users"."id" = ?  ORDER BY "users"."id" ASC LIMIT 1  [["id", 1]]
Redirected to http://localhost:3000/
Filter chain halted as :require_no_authentication rendered or redirected
Completed 302 Found in 5ms (ActiveRecord: 0.4ms)


Started GET "/" for ::1 at 2016-11-08 18:55:29 -0800
Processing by Rails::WelcomeController#index as HTML
  Rendered /Users/jpat/.rvm/gems/ruby-2.2.0@rails_decal/gems/railties-4.2.6/lib/rails/templates/rails/welcome/index.html.erb (0.1ms)
Completed 200 OK in 7ms (Views: 4.7ms | ActiveRecord: 0.0ms)


Started GET "/users/sign_in" for ::1 at 2016-11-08 18:55:41 -0800
Processing by Devise::SessionsController#new as HTML
  Rendered /Users/jpat/.rvm/gems/ruby-2.2.0@rails_decal/gems/devise-3.5.2/app/views/devise/shared/_links.html.erb (1.6ms)
  Rendered /Users/jpat/.rvm/gems/ruby-2.2.0@rails_decal/gems/devise-3.5.2/app/views/devise/sessions/new.html.erb within layouts/application (44.0ms)
Completed 200 OK in 156ms (Views: 137.0ms | ActiveRecord: 0.0ms)


Started GET "/assets/application.self-e80e8f2318043e8af94dddc2adad5a4f09739a8ebb323b3ab31cd71d45fd9113.css?body=1" for ::1 at 2016-11-08 18:55:41 -0800


Started GET "/assets/jquery.self-bd7ddd393353a8d2480a622e80342adf488fb6006d667e8b42e4c0073393abee.js?body=1" for ::1 at 2016-11-08 18:55:41 -0800


Started GET "/assets/jquery_ujs.self-784a997f6726036b1993eb2217c9cb558e1cbb801c6da88105588c56f13b466a.js?body=1" for ::1 at 2016-11-08 18:55:41 -0800


Started GET "/assets/turbolinks.self-c5acd7a204f5f25ce7a1d8a0e4d92e28d34c9e2df2c7371cd7af88e147e4ad82.js?body=1" for ::1 at 2016-11-08 18:55:41 -0800


Started GET "/assets/application.self-3b8dabdc891efe46b9a144b400ad69e37d7e5876bdc39dee783419a69d7ca819.js?body=1" for ::1 at 2016-11-08 18:55:41 -0800


Started POST "/users/sign_in" for ::1 at 2016-11-08 18:55:51 -0800
Processing by Devise::SessionsController#create as HTML
  Parameters: {"utf8"=>"✓", "authenticity_token"=>"I7XgwCWp3dH2Eu//at8/AYlA7m2IK6CVCLRbFgRrVpV+7Xm9fcrryLxH7Npofl+DfZwkksXSQJ7ZyZbw8fqo5A==", "user"=>{"email"=>"test@test.com", "password"=>"[FILTERED]", "remember_me"=>"0"}, "commit"=>"Log in"}
  [1m[36mUser Load (0.3ms)[0m  [1mSELECT  "users".* FROM "users" WHERE "users"."email" = ?  ORDER BY "users"."id" ASC LIMIT 1[0m  [["email", "test@test.com"]]
Completed 401 Unauthorized in 104ms (ActiveRecord: 0.3ms)
Processing by Devise::SessionsController#new as HTML
  Parameters: {"utf8"=>"✓", "authenticity_token"=>"I7XgwCWp3dH2Eu//at8/AYlA7m2IK6CVCLRbFgRrVpV+7Xm9fcrryLxH7Npofl+DfZwkksXSQJ7ZyZbw8fqo5A==", "user"=>{"email"=>"test@test.com", "password"=>"[FILTERED]", "remember_me"=>"0"}, "commit"=>"Log in"}
  Rendered /Users/jpat/.rvm/gems/ruby-2.2.0@rails_decal/gems/devise-3.5.2/app/views/devise/shared/_links.html.erb (0.4ms)
  Rendered /Users/jpat/.rvm/gems/ruby-2.2.0@rails_decal/gems/devise-3.5.2/app/views/devise/sessions/new.html.erb within layouts/application (7.9ms)
Completed 200 OK in 123ms (Views: 36.3ms | ActiveRecord: 0.0ms)


Started POST "/users/sign_in" for ::1 at 2016-11-08 18:55:54 -0800
Processing by Devise::SessionsController#create as HTML
  Parameters: {"utf8"=>"✓", "authenticity_token"=>"BJ4JKLnqUWrFSuzCMU+dGsh4YK0v0a3J+JCidJpxsqJZxpBV4Ylnc48f7+cz7v2YPKSqUmIoTcIp7W+Sb+BM0w==", "user"=>{"email"=>"test@test.com", "password"=>"[FILTERED]", "remember_me"=>"0"}, "commit"=>"Log in"}
  [1m[35mUser Load (0.1ms)[0m  SELECT  "users".* FROM "users" WHERE "users"."email" = ?  ORDER BY "users"."id" ASC LIMIT 1  [["email", "test@test.com"]]
  [1m[36m (0.1ms)[0m  [1mbegin transaction[0m
  [1m[35mSQL (0.3ms)[0m  UPDATE "users" SET "current_sign_in_at" = ?, "sign_in_count" = ?, "updated_at" = ? WHERE "users"."id" = ?  [["current_sign_in_at", "2016-11-09 02:55:54.572746"], ["sign_in_count", 2], ["updated_at", "2016-11-09 02:55:54.574325"], ["id", 1]]
  [1m[36m (10.4ms)[0m  [1mcommit transaction[0m
Redirected to http://localhost:3000/
Completed 302 Found in 125ms (ActiveRecord: 10.9ms)


Started GET "/" for ::1 at 2016-11-08 18:55:54 -0800
Processing by Rails::WelcomeController#index as HTML
  Rendered /Users/jpat/.rvm/gems/ruby-2.2.0@rails_decal/gems/railties-4.2.6/lib/rails/templates/rails/welcome/index.html.erb (0.1ms)
Completed 200 OK in 4ms (Views: 4.0ms | ActiveRecord: 0.0ms)


Started GET "/" for ::1 at 2016-11-08 19:02:01 -0800
  [1m[36mActiveRecord::SchemaMigration Load (0.2ms)[0m  [1mSELECT "schema_migrations".* FROM "schema_migrations"[0m
Processing by Rails::WelcomeController#index as HTML
  Rendered /Users/jpat/.rvm/gems/ruby-2.2.0@rails_decal/gems/railties-4.2.6/lib/rails/templates/rails/welcome/index.html.erb (3.5ms)
Completed 200 OK in 42ms (Views: 27.6ms | ActiveRecord: 0.0ms)


Started GET "/users/sign_up" for ::1 at 2016-11-08 19:07:33 -0800
Processing by Devise::RegistrationsController#new as HTML
  [1m[35mUser Load (1.0ms)[0m  SELECT  "users".* FROM "users" WHERE "users"."id" = ?  ORDER BY "users"."id" ASC LIMIT 1  [["id", 1]]
Redirected to http://localhost:3000/
Filter chain halted as :require_no_authentication rendered or redirected
Completed 302 Found in 95ms (ActiveRecord: 1.8ms)


Started GET "/" for ::1 at 2016-11-08 19:07:34 -0800
Processing by Rails::WelcomeController#index as HTML
  Rendered /Users/jpat/.rvm/gems/ruby-2.2.0@rails_decal/gems/railties-4.2.6/lib/rails/templates/rails/welcome/index.html.erb (0.3ms)
Completed 200 OK in 6ms (Views: 5.3ms | ActiveRecord: 0.0ms)


Started GET "/" for ::1 at 2016-11-08 19:16:45 -0800
  [1m[36mActiveRecord::SchemaMigration Load (0.4ms)[0m  [1mSELECT "schema_migrations".* FROM "schema_migrations"[0m
Processing by HomeController#index as HTML
  Rendered home/index.html.erb within layouts/application (21.6ms)
Completed 500 Internal Server Error in 44ms (ActiveRecord: 0.0ms)

ActionView::Template::Error (undefined method `member_signed_in?' for #<#<Class:0x007fd2bc6fe050>:0x007fd2c05c3a60>):
    1: <% if member_signed_in? %>
    2: 
    3: <h3>you have succesfully signed in</h3>
    4: <%= link_to "Sign Out", destroy_member_session_path, :method => :delete %>
  app/views/home/index.html.erb:1:in `_app_views_home_index_html_erb___2452997123831899391_70271573378040'


  Rendered /Users/Liam/.rvm/gems/ruby-2.3.0/gems/actionpack-4.2.6/lib/action_dispatch/middleware/templates/rescues/_source.erb (5.1ms)
  Rendered /Users/Liam/.rvm/gems/ruby-2.3.0/gems/actionpack-4.2.6/lib/action_dispatch/middleware/templates/rescues/_trace.html.erb (2.4ms)
  Rendered /Users/Liam/.rvm/gems/ruby-2.3.0/gems/actionpack-4.2.6/lib/action_dispatch/middleware/templates/rescues/_request_and_response.html.erb (0.9ms)
  Rendered /Users/Liam/.rvm/gems/ruby-2.3.0/gems/actionpack-4.2.6/lib/action_dispatch/middleware/templates/rescues/template_error.html.erb within rescues/layout (50.7ms)
  Rendered /Users/Liam/.rvm/gems/ruby-2.3.0/gems/web-console-2.3.0/lib/web_console/templates/_markup.html.erb (0.6ms)
  Rendered /Users/Liam/.rvm/gems/ruby-2.3.0/gems/web-console-2.3.0/lib/web_console/templates/_inner_console_markup.html.erb within layouts/inlined_string (0.5ms)
  Rendered /Users/Liam/.rvm/gems/ruby-2.3.0/gems/web-console-2.3.0/lib/web_console/templates/_prompt_box_markup.html.erb within layouts/inlined_string (0.3ms)
  Rendered /Users/Liam/.rvm/gems/ruby-2.3.0/gems/web-console-2.3.0/lib/web_console/templates/style.css.erb within layouts/inlined_string (0.5ms)
  Rendered /Users/Liam/.rvm/gems/ruby-2.3.0/gems/web-console-2.3.0/lib/web_console/templates/console.js.erb within layouts/javascript (58.5ms)
  Rendered /Users/Liam/.rvm/gems/ruby-2.3.0/gems/web-console-2.3.0/lib/web_console/templates/main.js.erb within layouts/javascript (0.4ms)
  Rendered /Users/Liam/.rvm/gems/ruby-2.3.0/gems/web-console-2.3.0/lib/web_console/templates/error_page.js.erb within layouts/javascript (0.5ms)
  Rendered /Users/Liam/.rvm/gems/ruby-2.3.0/gems/web-console-2.3.0/lib/web_console/templates/index.html.erb (122.6ms)


Started GET "/users/registration/index" for ::1 at 2016-11-08 19:19:17 -0800

ActionController::RoutingError (No route matches [GET] "/users/registration/index"):
  actionpack (4.2.6) lib/action_dispatch/middleware/debug_exceptions.rb:21:in `call'
  web-console (2.3.0) lib/web_console/middleware.rb:28:in `block in call'
  web-console (2.3.0) lib/web_console/middleware.rb:18:in `catch'
  web-console (2.3.0) lib/web_console/middleware.rb:18:in `call'
  actionpack (4.2.6) lib/action_dispatch/middleware/show_exceptions.rb:30:in `call'
  railties (4.2.6) lib/rails/rack/logger.rb:38:in `call_app'
  railties (4.2.6) lib/rails/rack/logger.rb:20:in `block in call'
  activesupport (4.2.6) lib/active_support/tagged_logging.rb:68:in `block in tagged'
  activesupport (4.2.6) lib/active_support/tagged_logging.rb:26:in `tagged'
  activesupport (4.2.6) lib/active_support/tagged_logging.rb:68:in `tagged'
  railties (4.2.6) lib/rails/rack/logger.rb:20:in `call'
  actionpack (4.2.6) lib/action_dispatch/middleware/request_id.rb:21:in `call'
  rack (1.6.4) lib/rack/methodoverride.rb:22:in `call'
  rack (1.6.4) lib/rack/runtime.rb:18:in `call'
  activesupport (4.2.6) lib/active_support/cache/strategy/local_cache_middleware.rb:28:in `call'
  rack (1.6.4) lib/rack/lock.rb:17:in `call'
  actionpack (4.2.6) lib/action_dispatch/middleware/static.rb:120:in `call'
  rack (1.6.4) lib/rack/sendfile.rb:113:in `call'
  railties (4.2.6) lib/rails/engine.rb:518:in `call'
  railties (4.2.6) lib/rails/application.rb:165:in `call'
  rack (1.6.4) lib/rack/lock.rb:17:in `call'
  rack (1.6.4) lib/rack/content_length.rb:15:in `call'
  rack (1.6.4) lib/rack/handler/webrick.rb:88:in `service'
  /Users/Liam/.rvm/rubies/ruby-2.3.0/lib/ruby/2.3.0/webrick/httpserver.rb:140:in `service'
  /Users/Liam/.rvm/rubies/ruby-2.3.0/lib/ruby/2.3.0/webrick/httpserver.rb:96:in `run'
  /Users/Liam/.rvm/rubies/ruby-2.3.0/lib/ruby/2.3.0/webrick/server.rb:296:in `block in start_thread'


  Rendered /Users/Liam/.rvm/gems/ruby-2.3.0/gems/actionpack-4.2.6/lib/action_dispatch/middleware/templates/rescues/_trace.html.erb (2.0ms)
  Rendered /Users/Liam/.rvm/gems/ruby-2.3.0/gems/actionpack-4.2.6/lib/action_dispatch/middleware/templates/routes/_route.html.erb (1.4ms)
  Rendered /Users/Liam/.rvm/gems/ruby-2.3.0/gems/actionpack-4.2.6/lib/action_dispatch/middleware/templates/routes/_table.html.erb (7.6ms)
  Rendered /Users/Liam/.rvm/gems/ruby-2.3.0/gems/actionpack-4.2.6/lib/action_dispatch/middleware/templates/rescues/_request_and_response.html.erb (1.1ms)
  Rendered /Users/Liam/.rvm/gems/ruby-2.3.0/gems/actionpack-4.2.6/lib/action_dispatch/middleware/templates/rescues/routing_error.html.erb within rescues/layout (70.9ms)
  Rendered /Users/Liam/.rvm/gems/ruby-2.3.0/gems/web-console-2.3.0/lib/web_console/templates/_markup.html.erb (0.4ms)
  Rendered /Users/Liam/.rvm/gems/ruby-2.3.0/gems/web-console-2.3.0/lib/web_console/templates/_inner_console_markup.html.erb within layouts/inlined_string (0.3ms)
  Rendered /Users/Liam/.rvm/gems/ruby-2.3.0/gems/web-console-2.3.0/lib/web_console/templates/_prompt_box_markup.html.erb within layouts/inlined_string (0.3ms)
  Rendered /Users/Liam/.rvm/gems/ruby-2.3.0/gems/web-console-2.3.0/lib/web_console/templates/style.css.erb within layouts/inlined_string (0.3ms)
  Rendered /Users/Liam/.rvm/gems/ruby-2.3.0/gems/web-console-2.3.0/lib/web_console/templates/console.js.erb within layouts/javascript (42.3ms)
  Rendered /Users/Liam/.rvm/gems/ruby-2.3.0/gems/web-console-2.3.0/lib/web_console/templates/main.js.erb within layouts/javascript (0.3ms)
  Rendered /Users/Liam/.rvm/gems/ruby-2.3.0/gems/web-console-2.3.0/lib/web_console/templates/error_page.js.erb within layouts/javascript (0.6ms)
  Rendered /Users/Liam/.rvm/gems/ruby-2.3.0/gems/web-console-2.3.0/lib/web_console/templates/index.html.erb (91.1ms)


Started GET "/users/signin" for ::1 at 2016-11-08 19:19:52 -0800

ActionController::RoutingError (No route matches [GET] "/users/signin"):
  actionpack (4.2.6) lib/action_dispatch/middleware/debug_exceptions.rb:21:in `call'
  web-console (2.3.0) lib/web_console/middleware.rb:28:in `block in call'
  web-console (2.3.0) lib/web_console/middleware.rb:18:in `catch'
  web-console (2.3.0) lib/web_console/middleware.rb:18:in `call'
  actionpack (4.2.6) lib/action_dispatch/middleware/show_exceptions.rb:30:in `call'
  railties (4.2.6) lib/rails/rack/logger.rb:38:in `call_app'
  railties (4.2.6) lib/rails/rack/logger.rb:20:in `block in call'
  activesupport (4.2.6) lib/active_support/tagged_logging.rb:68:in `block in tagged'
  activesupport (4.2.6) lib/active_support/tagged_logging.rb:26:in `tagged'
  activesupport (4.2.6) lib/active_support/tagged_logging.rb:68:in `tagged'
  railties (4.2.6) lib/rails/rack/logger.rb:20:in `call'
  actionpack (4.2.6) lib/action_dispatch/middleware/request_id.rb:21:in `call'
  rack (1.6.4) lib/rack/methodoverride.rb:22:in `call'
  rack (1.6.4) lib/rack/runtime.rb:18:in `call'
  activesupport (4.2.6) lib/active_support/cache/strategy/local_cache_middleware.rb:28:in `call'
  rack (1.6.4) lib/rack/lock.rb:17:in `call'
  actionpack (4.2.6) lib/action_dispatch/middleware/static.rb:120:in `call'
  rack (1.6.4) lib/rack/sendfile.rb:113:in `call'
  railties (4.2.6) lib/rails/engine.rb:518:in `call'
  railties (4.2.6) lib/rails/application.rb:165:in `call'
  rack (1.6.4) lib/rack/lock.rb:17:in `call'
  rack (1.6.4) lib/rack/content_length.rb:15:in `call'
  rack (1.6.4) lib/rack/handler/webrick.rb:88:in `service'
  /Users/Liam/.rvm/rubies/ruby-2.3.0/lib/ruby/2.3.0/webrick/httpserver.rb:140:in `service'
  /Users/Liam/.rvm/rubies/ruby-2.3.0/lib/ruby/2.3.0/webrick/httpserver.rb:96:in `run'
  /Users/Liam/.rvm/rubies/ruby-2.3.0/lib/ruby/2.3.0/webrick/server.rb:296:in `block in start_thread'


  Rendered /Users/Liam/.rvm/gems/ruby-2.3.0/gems/actionpack-4.2.6/lib/action_dispatch/middleware/templates/rescues/_trace.html.erb (1.3ms)
  Rendered /Users/Liam/.rvm/gems/ruby-2.3.0/gems/actionpack-4.2.6/lib/action_dispatch/middleware/templates/routes/_route.html.erb (2.0ms)
  Rendered /Users/Liam/.rvm/gems/ruby-2.3.0/gems/actionpack-4.2.6/lib/action_dispatch/middleware/templates/routes/_table.html.erb (1.1ms)
  Rendered /Users/Liam/.rvm/gems/ruby-2.3.0/gems/actionpack-4.2.6/lib/action_dispatch/middleware/templates/rescues/_request_and_response.html.erb (0.9ms)
  Rendered /Users/Liam/.rvm/gems/ruby-2.3.0/gems/actionpack-4.2.6/lib/action_dispatch/middleware/templates/rescues/routing_error.html.erb within rescues/layout (58.4ms)
  Rendered /Users/Liam/.rvm/gems/ruby-2.3.0/gems/web-console-2.3.0/lib/web_console/templates/_markup.html.erb (0.5ms)
  Rendered /Users/Liam/.rvm/gems/ruby-2.3.0/gems/web-console-2.3.0/lib/web_console/templates/_inner_console_markup.html.erb within layouts/inlined_string (0.2ms)
  Rendered /Users/Liam/.rvm/gems/ruby-2.3.0/gems/web-console-2.3.0/lib/web_console/templates/_prompt_box_markup.html.erb within layouts/inlined_string (0.3ms)
  Rendered /Users/Liam/.rvm/gems/ruby-2.3.0/gems/web-console-2.3.0/lib/web_console/templates/style.css.erb within layouts/inlined_string (0.5ms)
  Rendered /Users/Liam/.rvm/gems/ruby-2.3.0/gems/web-console-2.3.0/lib/web_console/templates/console.js.erb within layouts/javascript (38.5ms)
  Rendered /Users/Liam/.rvm/gems/ruby-2.3.0/gems/web-console-2.3.0/lib/web_console/templates/main.js.erb within layouts/javascript (0.3ms)
  Rendered /Users/Liam/.rvm/gems/ruby-2.3.0/gems/web-console-2.3.0/lib/web_console/templates/error_page.js.erb within layouts/javascript (0.3ms)
  Rendered /Users/Liam/.rvm/gems/ruby-2.3.0/gems/web-console-2.3.0/lib/web_console/templates/index.html.erb (88.3ms)


Started GET "/users/sign_in" for ::1 at 2016-11-08 19:19:57 -0800
Processing by Devise::SessionsController#new as HTML
  Rendered /Users/Liam/.rvm/gems/ruby-2.3.0/gems/devise-3.5.2/app/views/devise/shared/_links.html.erb (1.2ms)
  Rendered /Users/Liam/.rvm/gems/ruby-2.3.0/gems/devise-3.5.2/app/views/devise/sessions/new.html.erb within layouts/application (16.2ms)
Completed 200 OK in 919ms (Views: 901.2ms | ActiveRecord: 0.3ms)


Started GET "/assets/home.self-e3b0c44298fc1c149afbf4c8996fb92427ae41e4649b934ca495991b7852b855.css?body=1" for ::1 at 2016-11-08 19:19:58 -0800


Started GET "/assets/application.self-e80e8f2318043e8af94dddc2adad5a4f09739a8ebb323b3ab31cd71d45fd9113.css?body=1" for ::1 at 2016-11-08 19:19:58 -0800


Started GET "/assets/jquery.self-bd7ddd393353a8d2480a622e80342adf488fb6006d667e8b42e4c0073393abee.js?body=1" for ::1 at 2016-11-08 19:19:58 -0800


Started GET "/assets/jquery_ujs.self-784a997f6726036b1993eb2217c9cb558e1cbb801c6da88105588c56f13b466a.js?body=1" for ::1 at 2016-11-08 19:19:58 -0800


Started GET "/assets/turbolinks.self-c5acd7a204f5f25ce7a1d8a0e4d92e28d34c9e2df2c7371cd7af88e147e4ad82.js?body=1" for ::1 at 2016-11-08 19:19:58 -0800


Started GET "/assets/home.self-877aef30ae1b040ab8a3aba4e3e309a11d7f2612f44dde450b5c157aa5f95c05.js?body=1" for ::1 at 2016-11-08 19:19:58 -0800


Started GET "/assets/application.self-3b8dabdc891efe46b9a144b400ad69e37d7e5876bdc39dee783419a69d7ca819.js?body=1" for ::1 at 2016-11-08 19:19:58 -0800


Started GET "/users/sign_up" for ::1 at 2016-11-08 19:20:14 -0800
Processing by Devise::RegistrationsController#new as HTML
  Rendered /Users/Liam/.rvm/gems/ruby-2.3.0/gems/devise-3.5.2/app/views/devise/shared/_links.html.erb (1.0ms)
  Rendered /Users/Liam/.rvm/gems/ruby-2.3.0/gems/devise-3.5.2/app/views/devise/registrations/new.html.erb within layouts/application (7.2ms)
Completed 200 OK in 45ms (Views: 43.0ms | ActiveRecord: 0.0ms)


Started GET "/users/sign_up" for ::1 at 2016-11-08 19:21:17 -0800
Processing by Devise::RegistrationsController#new as HTML
  Rendered /Users/Liam/.rvm/gems/ruby-2.3.0/gems/devise-3.5.2/app/views/devise/shared/_links.html.erb (0.2ms)
  Rendered /Users/Liam/.rvm/gems/ruby-2.3.0/gems/devise-3.5.2/app/views/devise/registrations/new.html.erb within layouts/application (4.9ms)
Completed 200 OK in 31ms (Views: 29.5ms | ActiveRecord: 0.0ms)


Started GET "/users/sign_up" for ::1 at 2016-11-08 19:21:18 -0800
Processing by Devise::RegistrationsController#new as HTML
  Rendered /Users/Liam/.rvm/gems/ruby-2.3.0/gems/devise-3.5.2/app/views/devise/shared/_links.html.erb (0.1ms)
  Rendered /Users/Liam/.rvm/gems/ruby-2.3.0/gems/devise-3.5.2/app/views/devise/registrations/new.html.erb within layouts/application (3.5ms)
Completed 200 OK in 20ms (Views: 19.6ms | ActiveRecord: 0.0ms)


Started GET "/users/sign_up" for ::1 at 2016-11-08 19:30:28 -0800
Processing by Devise::RegistrationsController#new as HTML
  Rendered /Users/Liam/.rvm/gems/ruby-2.3.0/gems/devise-3.5.2/app/views/devise/shared/_links.html.erb (0.3ms)
  Rendered /Users/Liam/.rvm/gems/ruby-2.3.0/gems/devise-3.5.2/app/views/devise/registrations/new.html.erb within layouts/application (4.4ms)
Completed 200 OK in 38ms (Views: 31.4ms | ActiveRecord: 0.5ms)


Started GET "/" for ::1 at 2016-11-08 19:30:30 -0800
Processing by HomeController#index as HTML
  Rendered home/index.html.erb within layouts/application (26.0ms)
Completed 500 Internal Server Error in 38ms (ActiveRecord: 0.0ms)

ActionView::Template::Error (undefined method `member_signed_in?' for #<#<Class:0x007fd2bcac6d68>:0x007fd2bea02c40>):
    1: <% if member_signed_in? %>
    2: 
    3: <h3>you have succesfully signed in</h3>
    4: <%= link_to "Sign Out", destroy_member_session_path, :method => :delete %>
  app/views/home/index.html.erb:1:in `_app_views_home_index_html_erb___2452997123831899391_70271573378040'


  Rendered /Users/Liam/.rvm/gems/ruby-2.3.0/gems/actionpack-4.2.6/lib/action_dispatch/middleware/templates/rescues/_source.erb (9.3ms)
  Rendered /Users/Liam/.rvm/gems/ruby-2.3.0/gems/actionpack-4.2.6/lib/action_dispatch/middleware/templates/rescues/_trace.html.erb (2.8ms)
  Rendered /Users/Liam/.rvm/gems/ruby-2.3.0/gems/actionpack-4.2.6/lib/action_dispatch/middleware/templates/rescues/_request_and_response.html.erb (0.9ms)
  Rendered /Users/Liam/.rvm/gems/ruby-2.3.0/gems/actionpack-4.2.6/lib/action_dispatch/middleware/templates/rescues/template_error.html.erb within rescues/layout (61.0ms)
  Rendered /Users/Liam/.rvm/gems/ruby-2.3.0/gems/web-console-2.3.0/lib/web_console/templates/_markup.html.erb (0.4ms)
  Rendered /Users/Liam/.rvm/gems/ruby-2.3.0/gems/web-console-2.3.0/lib/web_console/templates/_inner_console_markup.html.erb within layouts/inlined_string (0.4ms)
  Rendered /Users/Liam/.rvm/gems/ruby-2.3.0/gems/web-console-2.3.0/lib/web_console/templates/_prompt_box_markup.html.erb within layouts/inlined_string (0.4ms)
  Rendered /Users/Liam/.rvm/gems/ruby-2.3.0/gems/web-console-2.3.0/lib/web_console/templates/style.css.erb within layouts/inlined_string (0.4ms)
  Rendered /Users/Liam/.rvm/gems/ruby-2.3.0/gems/web-console-2.3.0/lib/web_console/templates/console.js.erb within layouts/javascript (45.9ms)
  Rendered /Users/Liam/.rvm/gems/ruby-2.3.0/gems/web-console-2.3.0/lib/web_console/templates/main.js.erb within layouts/javascript (0.4ms)
  Rendered /Users/Liam/.rvm/gems/ruby-2.3.0/gems/web-console-2.3.0/lib/web_console/templates/error_page.js.erb within layouts/javascript (0.4ms)
  Rendered /Users/Liam/.rvm/gems/ruby-2.3.0/gems/web-console-2.3.0/lib/web_console/templates/index.html.erb (103.7ms)


Started GET "/" for ::1 at 2016-11-08 19:31:37 -0800
Processing by HomeController#index as HTML
  Rendered home/index.html.erb within layouts/application (1.3ms)
Completed 200 OK in 21ms (Views: 20.1ms | ActiveRecord: 0.0ms)


Started GET "/users/sign_in" for ::1 at 2016-11-08 19:31:39 -0800
Processing by Devise::SessionsController#new as HTML
  Parameters: {"authenticity_token"=>"uJo+iWC2XQt/9ghXoIzde7KtiqbKxCL6Odn06N0HlQuadBUTQHi8WH7muNvbUrt2NjQ/ftl55h6fmMOOp3s8Pg=="}
  Rendered /Users/Liam/.rvm/gems/ruby-2.3.0/gems/devise-3.5.2/app/views/devise/shared/_links.html.erb (1.1ms)
  Rendered /Users/Liam/.rvm/gems/ruby-2.3.0/gems/devise-3.5.2/app/views/devise/sessions/new.html.erb within layouts/application (6.5ms)
Completed 200 OK in 36ms (Views: 33.2ms | ActiveRecord: 0.0ms)


Started GET "/users/sign_up" for ::1 at 2016-11-08 19:31:41 -0800
Processing by Devise::RegistrationsController#new as HTML
  Parameters: {"authenticity_token"=>"uJo+iWC2XQt/9ghXoIzde7KtiqbKxCL6Odn06N0HlQuadBUTQHi8WH7muNvbUrt2NjQ/ftl55h6fmMOOp3s8Pg=="}
  Rendered /Users/Liam/.rvm/gems/ruby-2.3.0/gems/devise-3.5.2/app/views/devise/shared/_links.html.erb (0.3ms)
  Rendered /Users/Liam/.rvm/gems/ruby-2.3.0/gems/devise-3.5.2/app/views/devise/registrations/new.html.erb within layouts/application (3.6ms)
Completed 200 OK in 31ms (Views: 29.0ms | ActiveRecord: 0.0ms)


Started GET "/users/sign_up" for ::1 at 2016-11-08 19:33:07 -0800
Processing by Devise::RegistrationsController#new as HTML
  Parameters: {"authenticity_token"=>"uJo+iWC2XQt/9ghXoIzde7KtiqbKxCL6Odn06N0HlQuadBUTQHi8WH7muNvbUrt2NjQ/ftl55h6fmMOOp3s8Pg=="}
  Rendered /Users/Liam/.rvm/gems/ruby-2.3.0/gems/devise-3.5.2/app/views/devise/shared/_links.html.erb (0.4ms)
  Rendered /Users/Liam/.rvm/gems/ruby-2.3.0/gems/devise-3.5.2/app/views/devise/registrations/new.html.erb within layouts/application (5.1ms)
Completed 200 OK in 32ms (Views: 30.7ms | ActiveRecord: 0.0ms)


Started POST "/users" for ::1 at 2016-11-08 19:33:11 -0800
Processing by Devise::RegistrationsController#create as HTML
  Parameters: {"utf8"=>"✓", "authenticity_token"=>"mZ0+5evpTbt/0E+luuR73E+7IzJo9mNer0kzlqIhrYC7cxV/yyes6H7A/ynBOh3RyyKW6ntLp7oJCATw2F0EtQ==", "user"=>{"email"=>"test@test.test", "password"=>"[FILTERED]", "password_confirmation"=>"[FILTERED]"}, "commit"=>"Sign up"}
  [1m[35m (0.1ms)[0m  begin transaction
  [1m[36mUser Exists (0.4ms)[0m  [1mSELECT  1 AS one FROM "users" WHERE "users"."email" = 'test@test.test' LIMIT 1[0m
  [1m[35mSQL (1.7ms)[0m  INSERT INTO "users" ("email", "encrypted_password", "created_at", "updated_at") VALUES (?, ?, ?, ?)  [["email", "test@test.test"], ["encrypted_password", "$2a$10$3UR0km/fWpIOWc9NfUi9cuJJIoYF2NbOGMCHVgl.ewFHjgotWzrqS"], ["created_at", "2016-11-09 03:33:11.457508"], ["updated_at", "2016-11-09 03:33:11.457508"]]
  [1m[36m (2.5ms)[0m  [1mcommit transaction[0m
  [1m[35m (0.1ms)[0m  begin transaction
  [1m[36mSQL (0.4ms)[0m  [1mUPDATE "users" SET "last_sign_in_at" = ?, "current_sign_in_at" = ?, "last_sign_in_ip" = ?, "current_sign_in_ip" = ?, "sign_in_count" = ?, "updated_at" = ? WHERE "users"."id" = ?[0m  [["last_sign_in_at", "2016-11-09 03:33:11.465269"], ["current_sign_in_at", "2016-11-09 03:33:11.465269"], ["last_sign_in_ip", "::1"], ["current_sign_in_ip", "::1"], ["sign_in_count", 1], ["updated_at", "2016-11-09 03:33:11.466074"], ["id", 2]]
  [1m[35m (1.0ms)[0m  commit transaction
Redirected to http://localhost:3000/
Completed 302 Found in 118ms (ActiveRecord: 6.2ms)


Started GET "/" for ::1 at 2016-11-08 19:33:11 -0800
Processing by HomeController#index as HTML
  [1m[36mUser Load (0.2ms)[0m  [1mSELECT  "users".* FROM "users" WHERE "users"."id" = ?  ORDER BY "users"."id" ASC LIMIT 1[0m  [["id", 2]]
  Rendered home/index.html.erb within layouts/application (1.8ms)
Completed 200 OK in 19ms (Views: 18.7ms | ActiveRecord: 0.2ms)


Started GET "/" for ::1 at 2016-11-08 19:33:16 -0800
Processing by HomeController#index as HTML
  [1m[35mUser Load (0.1ms)[0m  SELECT  "users".* FROM "users" WHERE "users"."id" = ?  ORDER BY "users"."id" ASC LIMIT 1  [["id", 2]]
  Rendered home/index.html.erb within layouts/application (0.9ms)
Completed 200 OK in 13ms (Views: 12.2ms | ActiveRecord: 0.1ms)


Started GET "/" for ::1 at 2016-11-08 19:33:18 -0800
Processing by HomeController#index as HTML
  [1m[36mUser Load (0.1ms)[0m  [1mSELECT  "users".* FROM "users" WHERE "users"."id" = ?  ORDER BY "users"."id" ASC LIMIT 1[0m  [["id", 2]]
  Rendered home/index.html.erb within layouts/application (0.9ms)
Completed 200 OK in 13ms (Views: 12.6ms | ActiveRecord: 0.1ms)


Started DELETE "/users/sign_out" for ::1 at 2016-11-08 19:33:19 -0800
Processing by Devise::SessionsController#destroy as HTML
  Parameters: {"authenticity_token"=>"fp1UET44Vr05tjtukSAcSgZEq7t4qnI7gecKXVrwFwBcc3+LHva37jimi+Lq/npHgt0eY2sXtt8npj07IIy+NQ=="}
  [1m[35mUser Load (0.1ms)[0m  SELECT  "users".* FROM "users" WHERE "users"."id" = ?  ORDER BY "users"."id" ASC LIMIT 1  [["id", 2]]
  [1m[36m (0.1ms)[0m  [1mbegin transaction[0m
  [1m[35m (0.1ms)[0m  commit transaction
Redirected to http://localhost:3000/
Completed 302 Found in 13ms (ActiveRecord: 0.3ms)


Started GET "/" for ::1 at 2016-11-08 19:33:19 -0800
Processing by HomeController#index as HTML
  Rendered home/index.html.erb within layouts/application (0.5ms)
Completed 200 OK in 14ms (Views: 13.1ms | ActiveRecord: 0.0ms)


Started GET "/" for ::1 at 2016-11-09 12:26:08 -0800
  [1m[36mActiveRecord::SchemaMigration Load (0.5ms)[0m  [1mSELECT "schema_migrations".* FROM "schema_migrations"[0m
Processing by HomeController#index as HTML
  Rendered home/index.html.erb within layouts/application (12.9ms)
Completed 200 OK in 998ms (Views: 979.1ms | ActiveRecord: 0.0ms)


Started GET "/" for ::1 at 2016-11-09 12:26:10 -0800
Processing by HomeController#index as HTML
  Rendered home/index.html.erb within layouts/application (0.5ms)
Completed 200 OK in 29ms (Views: 28.3ms | ActiveRecord: 0.0ms)


Started GET "/assets/home.self-e3b0c44298fc1c149afbf4c8996fb92427ae41e4649b934ca495991b7852b855.css?body=1" for ::1 at 2016-11-09 12:26:10 -0800


Started GET "/assets/jquery_ujs.self-784a997f6726036b1993eb2217c9cb558e1cbb801c6da88105588c56f13b466a.js?body=1" for ::1 at 2016-11-09 12:26:10 -0800


Started GET "/assets/application.self-e80e8f2318043e8af94dddc2adad5a4f09739a8ebb323b3ab31cd71d45fd9113.css?body=1" for ::1 at 2016-11-09 12:26:10 -0800


Started GET "/assets/jquery.self-bd7ddd393353a8d2480a622e80342adf488fb6006d667e8b42e4c0073393abee.js?body=1" for ::1 at 2016-11-09 12:26:10 -0800


Started GET "/assets/home.self-877aef30ae1b040ab8a3aba4e3e309a11d7f2612f44dde450b5c157aa5f95c05.js?body=1" for ::1 at 2016-11-09 12:26:10 -0800


Started GET "/assets/turbolinks.self-c5acd7a204f5f25ce7a1d8a0e4d92e28d34c9e2df2c7371cd7af88e147e4ad82.js?body=1" for ::1 at 2016-11-09 12:26:10 -0800


Started GET "/assets/application.self-3b8dabdc891efe46b9a144b400ad69e37d7e5876bdc39dee783419a69d7ca819.js?body=1" for ::1 at 2016-11-09 12:26:10 -0800


Started GET "/users/sign_up" for ::1 at 2016-11-09 12:26:38 -0800
Processing by Devise::RegistrationsController#new as HTML
  Parameters: {"authenticity_token"=>"HTmhH2LoOJWHe0PkM2UTs4YgEgKvDYik8AFztDOKqLUJTt9tEKgLs79mDBPR88KQIWfMsVPaxJ9Ou7714u05nQ=="}
  Rendered /Users/Chris/.rvm/gems/ruby-2.3.0/gems/devise-3.5.2/app/views/devise/shared/_links.html.erb (1.9ms)
  Rendered /Users/Chris/.rvm/gems/ruby-2.3.0/gems/devise-3.5.2/app/views/devise/registrations/new.html.erb within layouts/application (54.3ms)
Completed 200 OK in 123ms (Views: 97.0ms | ActiveRecord: 0.5ms)
  [1m[36mActiveRecord::SchemaMigration Load (0.5ms)[0m  [1mSELECT "schema_migrations".* FROM "schema_migrations"[0m
Migrating to CreateItems (20161110010457)
  [1m[35m (0.1ms)[0m  begin transaction
  [1m[36m (0.4ms)[0m  [1mCREATE TABLE "items" ("id" INTEGER PRIMARY KEY AUTOINCREMENT NOT NULL, "name" varchar, "description" varchar, "price" float, "created_at" datetime NOT NULL, "updated_at" datetime NOT NULL) [0m
  [1m[35mSQL (0.3ms)[0m  INSERT INTO "schema_migrations" ("version") VALUES (?)  [["version", "20161110010457"]]
  [1m[36m (3.3ms)[0m  [1mcommit transaction[0m
  [1m[35mActiveRecord::SchemaMigration Load (0.2ms)[0m  SELECT "schema_migrations".* FROM "schema_migrations"
  [1m[36m (0.1ms)[0m  [1m            SELECT sql
            FROM sqlite_master
            WHERE name='index_users_on_reset_password_token' AND type='index'
            UNION ALL
            SELECT sql
            FROM sqlite_temp_master
            WHERE name='index_users_on_reset_password_token' AND type='index'
[0m
  [1m[35m (0.1ms)[0m              SELECT sql
            FROM sqlite_master
            WHERE name='index_users_on_email' AND type='index'
            UNION ALL
            SELECT sql
            FROM sqlite_temp_master
            WHERE name='index_users_on_email' AND type='index'

